<?xml version="1.0" encoding="UTF-8"?>
<testng-results skipped="0" failed="0" ignored="0" total="2" passed="2">
  <reporter-output>
  </reporter-output>
  <suite name="All Test Suite" duration-ms="19055" started-at="2023-01-02T20:38:55Z" finished-at="2023-01-02T20:39:14Z">
    <groups>
    </groups>
    <test name="C:/Users/Sampath Velupula/IdeaProjects/WblProject" duration-ms="19055" started-at="2023-01-02T20:38:55Z" finished-at="2023-01-02T20:39:14Z">
      <class name="com.PageTestPackage.HomePageTest">
        <test-method status="PASS" signature="setup()[pri:0, instance:com.PageTestPackage.HomePageTest@7bc1a03d]" name="setup" is-config="true" duration-ms="8349" started-at="2023-01-02T20:38:55Z" finished-at="2023-01-02T20:39:03Z">
          <reporter-output>
          </reporter-output>
        </test-method> <!-- setup -->
        <test-method status="PASS" signature="TestTitle()[pri:1, instance:com.PageTestPackage.HomePageTest@7bc1a03d]" name="TestTitle" duration-ms="24" started-at="2023-01-02T20:39:03Z" finished-at="2023-01-02T20:39:03Z">
          <reporter-output>
          </reporter-output>
        </test-method> <!-- TestTitle -->
        <test-method status="PASS" signature="TearDown()[pri:0, instance:com.PageTestPackage.HomePageTest@7bc1a03d]" name="TearDown" is-config="true" duration-ms="770" started-at="2023-01-02T20:39:03Z" finished-at="2023-01-02T20:39:04Z">
          <reporter-output>
          </reporter-output>
        </test-method> <!-- TearDown -->
      </class> <!-- com.PageTestPackage.HomePageTest -->
      <class name="com.PageTestPackage.LoginPageTest">
        <test-method status="PASS" signature="SetUp()[pri:0, instance:com.PageTestPackage.LoginPageTest@70b0b186]" name="SetUp" is-config="true" duration-ms="9086" started-at="2023-01-02T20:39:04Z" finished-at="2023-01-02T20:39:13Z">
          <reporter-output>
          </reporter-output>
        </test-method> <!-- SetUp -->
        <test-method status="PASS" signature="VerifyLoginTitleTest()[pri:1, instance:com.PageTestPackage.LoginPageTest@70b0b186]" name="VerifyLoginTitleTest" duration-ms="9" started-at="2023-01-02T20:39:13Z" finished-at="2023-01-02T20:39:13Z">
          <reporter-output>
          </reporter-output>
        </test-method> <!-- VerifyLoginTitleTest -->
        <test-method status="PASS" signature="TearDown()[pri:0, instance:com.PageTestPackage.LoginPageTest@70b0b186]" name="TearDown" is-config="true" duration-ms="785" started-at="2023-01-02T20:39:13Z" finished-at="2023-01-02T20:39:14Z">
          <reporter-output>
          </reporter-output>
        </test-method> <!-- TearDown -->
      </class> <!-- com.PageTestPackage.LoginPageTest -->
    </test> <!-- C:/Users/Sampath Velupula/IdeaProjects/WblProject -->
  </suite> <!-- All Test Suite -->
</testng-results>
